begin:
00000000000000000000000000000000000000000000000000000000000000000000000000000000000000000000000000000000000000000000000000000000
00000000000000000000000000000000000000000000000000000000000000000000000000000000000000000000000000000000000000000000000000000111
shifted:
00000000000000000000000000000000000000000000000000000000000000000000000000000000000000000000000000000000000000000000000000000000
00000000000000000000000000000000000000000000000000000000000000000000000000000000000000000000000000000000000000000000000000001110
substracted:
11111111111111111111111111111111111111111111111111111111111111111111111111111111111111111111111111111111111111111111111111111101
set Q0 = 0
00000000000000000000000000000000000000000000000000000000000000000000000000000000000000000000000000000000000000000000000000001110
restored:
00000000000000000000000000000000000000000000000000000000000000000000000000000000000000000000000000000000000000000000000000000000

shifted:
00000000000000000000000000000000000000000000000000000000000000000000000000000000000000000000000000000000000000000000000000000000
00000000000000000000000000000000000000000000000000000000000000000000000000000000000000000000000000000000000000000000000000011100
substracted:
11111111111111111111111111111111111111111111111111111111111111111111111111111111111111111111111111111111111111111111111111111101
set Q0 = 0
00000000000000000000000000000000000000000000000000000000000000000000000000000000000000000000000000000000000000000000000000011100
restored:
00000000000000000000000000000000000000000000000000000000000000000000000000000000000000000000000000000000000000000000000000000000

shifted:
00000000000000000000000000000000000000000000000000000000000000000000000000000000000000000000000000000000000000000000000000000000
00000000000000000000000000000000000000000000000000000000000000000000000000000000000000000000000000000000000000000000000000111000
substracted:
11111111111111111111111111111111111111111111111111111111111111111111111111111111111111111111111111111111111111111111111111111101
set Q0 = 0
00000000000000000000000000000000000000000000000000000000000000000000000000000000000000000000000000000000000000000000000000111000
restored:
00000000000000000000000000000000000000000000000000000000000000000000000000000000000000000000000000000000000000000000000000000000

shifted:
00000000000000000000000000000000000000000000000000000000000000000000000000000000000000000000000000000000000000000000000000000000
00000000000000000000000000000000000000000000000000000000000000000000000000000000000000000000000000000000000000000000000001110000
substracted:
11111111111111111111111111111111111111111111111111111111111111111111111111111111111111111111111111111111111111111111111111111101
set Q0 = 0
00000000000000000000000000000000000000000000000000000000000000000000000000000000000000000000000000000000000000000000000001110000
restored:
00000000000000000000000000000000000000000000000000000000000000000000000000000000000000000000000000000000000000000000000000000000

shifted:
00000000000000000000000000000000000000000000000000000000000000000000000000000000000000000000000000000000000000000000000000000000
00000000000000000000000000000000000000000000000000000000000000000000000000000000000000000000000000000000000000000000000011100000
substracted:
11111111111111111111111111111111111111111111111111111111111111111111111111111111111111111111111111111111111111111111111111111101
set Q0 = 0
00000000000000000000000000000000000000000000000000000000000000000000000000000000000000000000000000000000000000000000000011100000
restored:
00000000000000000000000000000000000000000000000000000000000000000000000000000000000000000000000000000000000000000000000000000000

shifted:
00000000000000000000000000000000000000000000000000000000000000000000000000000000000000000000000000000000000000000000000000000000
00000000000000000000000000000000000000000000000000000000000000000000000000000000000000000000000000000000000000000000000111000000
substracted:
11111111111111111111111111111111111111111111111111111111111111111111111111111111111111111111111111111111111111111111111111111101
set Q0 = 0
00000000000000000000000000000000000000000000000000000000000000000000000000000000000000000000000000000000000000000000000111000000
restored:
00000000000000000000000000000000000000000000000000000000000000000000000000000000000000000000000000000000000000000000000000000000

shifted:
00000000000000000000000000000000000000000000000000000000000000000000000000000000000000000000000000000000000000000000000000000000
00000000000000000000000000000000000000000000000000000000000000000000000000000000000000000000000000000000000000000000001110000000
substracted:
11111111111111111111111111111111111111111111111111111111111111111111111111111111111111111111111111111111111111111111111111111101
set Q0 = 0
00000000000000000000000000000000000000000000000000000000000000000000000000000000000000000000000000000000000000000000001110000000
restored:
00000000000000000000000000000000000000000000000000000000000000000000000000000000000000000000000000000000000000000000000000000000

shifted:
00000000000000000000000000000000000000000000000000000000000000000000000000000000000000000000000000000000000000000000000000000000
00000000000000000000000000000000000000000000000000000000000000000000000000000000000000000000000000000000000000000000011100000000
substracted:
11111111111111111111111111111111111111111111111111111111111111111111111111111111111111111111111111111111111111111111111111111101
set Q0 = 0
00000000000000000000000000000000000000000000000000000000000000000000000000000000000000000000000000000000000000000000011100000000
restored:
00000000000000000000000000000000000000000000000000000000000000000000000000000000000000000000000000000000000000000000000000000000

shifted:
00000000000000000000000000000000000000000000000000000000000000000000000000000000000000000000000000000000000000000000000000000000
00000000000000000000000000000000000000000000000000000000000000000000000000000000000000000000000000000000000000000000111000000000
substracted:
11111111111111111111111111111111111111111111111111111111111111111111111111111111111111111111111111111111111111111111111111111101
set Q0 = 0
00000000000000000000000000000000000000000000000000000000000000000000000000000000000000000000000000000000000000000000111000000000
restored:
00000000000000000000000000000000000000000000000000000000000000000000000000000000000000000000000000000000000000000000000000000000

shifted:
00000000000000000000000000000000000000000000000000000000000000000000000000000000000000000000000000000000000000000000000000000000
00000000000000000000000000000000000000000000000000000000000000000000000000000000000000000000000000000000000000000001110000000000
substracted:
11111111111111111111111111111111111111111111111111111111111111111111111111111111111111111111111111111111111111111111111111111101
set Q0 = 0
00000000000000000000000000000000000000000000000000000000000000000000000000000000000000000000000000000000000000000001110000000000
restored:
00000000000000000000000000000000000000000000000000000000000000000000000000000000000000000000000000000000000000000000000000000000

shifted:
00000000000000000000000000000000000000000000000000000000000000000000000000000000000000000000000000000000000000000000000000000000
00000000000000000000000000000000000000000000000000000000000000000000000000000000000000000000000000000000000000000011100000000000
substracted:
11111111111111111111111111111111111111111111111111111111111111111111111111111111111111111111111111111111111111111111111111111101
set Q0 = 0
00000000000000000000000000000000000000000000000000000000000000000000000000000000000000000000000000000000000000000011100000000000
restored:
00000000000000000000000000000000000000000000000000000000000000000000000000000000000000000000000000000000000000000000000000000000

shifted:
00000000000000000000000000000000000000000000000000000000000000000000000000000000000000000000000000000000000000000000000000000000
00000000000000000000000000000000000000000000000000000000000000000000000000000000000000000000000000000000000000000111000000000000
substracted:
11111111111111111111111111111111111111111111111111111111111111111111111111111111111111111111111111111111111111111111111111111101
set Q0 = 0
00000000000000000000000000000000000000000000000000000000000000000000000000000000000000000000000000000000000000000111000000000000
restored:
00000000000000000000000000000000000000000000000000000000000000000000000000000000000000000000000000000000000000000000000000000000

shifted:
00000000000000000000000000000000000000000000000000000000000000000000000000000000000000000000000000000000000000000000000000000000
00000000000000000000000000000000000000000000000000000000000000000000000000000000000000000000000000000000000000001110000000000000
substracted:
11111111111111111111111111111111111111111111111111111111111111111111111111111111111111111111111111111111111111111111111111111101
set Q0 = 0
00000000000000000000000000000000000000000000000000000000000000000000000000000000000000000000000000000000000000001110000000000000
restored:
00000000000000000000000000000000000000000000000000000000000000000000000000000000000000000000000000000000000000000000000000000000

shifted:
00000000000000000000000000000000000000000000000000000000000000000000000000000000000000000000000000000000000000000000000000000000
00000000000000000000000000000000000000000000000000000000000000000000000000000000000000000000000000000000000000011100000000000000
substracted:
11111111111111111111111111111111111111111111111111111111111111111111111111111111111111111111111111111111111111111111111111111101
set Q0 = 0
00000000000000000000000000000000000000000000000000000000000000000000000000000000000000000000000000000000000000011100000000000000
restored:
00000000000000000000000000000000000000000000000000000000000000000000000000000000000000000000000000000000000000000000000000000000

shifted:
00000000000000000000000000000000000000000000000000000000000000000000000000000000000000000000000000000000000000000000000000000000
00000000000000000000000000000000000000000000000000000000000000000000000000000000000000000000000000000000000000111000000000000000
substracted:
11111111111111111111111111111111111111111111111111111111111111111111111111111111111111111111111111111111111111111111111111111101
set Q0 = 0
00000000000000000000000000000000000000000000000000000000000000000000000000000000000000000000000000000000000000111000000000000000
restored:
00000000000000000000000000000000000000000000000000000000000000000000000000000000000000000000000000000000000000000000000000000000

shifted:
00000000000000000000000000000000000000000000000000000000000000000000000000000000000000000000000000000000000000000000000000000000
00000000000000000000000000000000000000000000000000000000000000000000000000000000000000000000000000000000000001110000000000000000
substracted:
11111111111111111111111111111111111111111111111111111111111111111111111111111111111111111111111111111111111111111111111111111101
set Q0 = 0
00000000000000000000000000000000000000000000000000000000000000000000000000000000000000000000000000000000000001110000000000000000
restored:
00000000000000000000000000000000000000000000000000000000000000000000000000000000000000000000000000000000000000000000000000000000

shifted:
00000000000000000000000000000000000000000000000000000000000000000000000000000000000000000000000000000000000000000000000000000000
00000000000000000000000000000000000000000000000000000000000000000000000000000000000000000000000000000000000011100000000000000000
substracted:
11111111111111111111111111111111111111111111111111111111111111111111111111111111111111111111111111111111111111111111111111111101
set Q0 = 0
00000000000000000000000000000000000000000000000000000000000000000000000000000000000000000000000000000000000011100000000000000000
restored:
00000000000000000000000000000000000000000000000000000000000000000000000000000000000000000000000000000000000000000000000000000000

shifted:
00000000000000000000000000000000000000000000000000000000000000000000000000000000000000000000000000000000000000000000000000000000
00000000000000000000000000000000000000000000000000000000000000000000000000000000000000000000000000000000000111000000000000000000
substracted:
11111111111111111111111111111111111111111111111111111111111111111111111111111111111111111111111111111111111111111111111111111101
set Q0 = 0
00000000000000000000000000000000000000000000000000000000000000000000000000000000000000000000000000000000000111000000000000000000
restored:
00000000000000000000000000000000000000000000000000000000000000000000000000000000000000000000000000000000000000000000000000000000

shifted:
00000000000000000000000000000000000000000000000000000000000000000000000000000000000000000000000000000000000000000000000000000000
00000000000000000000000000000000000000000000000000000000000000000000000000000000000000000000000000000000001110000000000000000000
substracted:
11111111111111111111111111111111111111111111111111111111111111111111111111111111111111111111111111111111111111111111111111111101
set Q0 = 0
00000000000000000000000000000000000000000000000000000000000000000000000000000000000000000000000000000000001110000000000000000000
restored:
00000000000000000000000000000000000000000000000000000000000000000000000000000000000000000000000000000000000000000000000000000000

shifted:
00000000000000000000000000000000000000000000000000000000000000000000000000000000000000000000000000000000000000000000000000000000
00000000000000000000000000000000000000000000000000000000000000000000000000000000000000000000000000000000011100000000000000000000
substracted:
11111111111111111111111111111111111111111111111111111111111111111111111111111111111111111111111111111111111111111111111111111101
set Q0 = 0
00000000000000000000000000000000000000000000000000000000000000000000000000000000000000000000000000000000011100000000000000000000
restored:
00000000000000000000000000000000000000000000000000000000000000000000000000000000000000000000000000000000000000000000000000000000

shifted:
00000000000000000000000000000000000000000000000000000000000000000000000000000000000000000000000000000000000000000000000000000000
00000000000000000000000000000000000000000000000000000000000000000000000000000000000000000000000000000000111000000000000000000000
substracted:
11111111111111111111111111111111111111111111111111111111111111111111111111111111111111111111111111111111111111111111111111111101
set Q0 = 0
00000000000000000000000000000000000000000000000000000000000000000000000000000000000000000000000000000000111000000000000000000000
restored:
00000000000000000000000000000000000000000000000000000000000000000000000000000000000000000000000000000000000000000000000000000000

shifted:
00000000000000000000000000000000000000000000000000000000000000000000000000000000000000000000000000000000000000000000000000000000
00000000000000000000000000000000000000000000000000000000000000000000000000000000000000000000000000000001110000000000000000000000
substracted:
11111111111111111111111111111111111111111111111111111111111111111111111111111111111111111111111111111111111111111111111111111101
set Q0 = 0
00000000000000000000000000000000000000000000000000000000000000000000000000000000000000000000000000000001110000000000000000000000
restored:
00000000000000000000000000000000000000000000000000000000000000000000000000000000000000000000000000000000000000000000000000000000

shifted:
00000000000000000000000000000000000000000000000000000000000000000000000000000000000000000000000000000000000000000000000000000000
00000000000000000000000000000000000000000000000000000000000000000000000000000000000000000000000000000011100000000000000000000000
substracted:
11111111111111111111111111111111111111111111111111111111111111111111111111111111111111111111111111111111111111111111111111111101
set Q0 = 0
00000000000000000000000000000000000000000000000000000000000000000000000000000000000000000000000000000011100000000000000000000000
restored:
00000000000000000000000000000000000000000000000000000000000000000000000000000000000000000000000000000000000000000000000000000000

shifted:
00000000000000000000000000000000000000000000000000000000000000000000000000000000000000000000000000000000000000000000000000000000
00000000000000000000000000000000000000000000000000000000000000000000000000000000000000000000000000000111000000000000000000000000
substracted:
11111111111111111111111111111111111111111111111111111111111111111111111111111111111111111111111111111111111111111111111111111101
set Q0 = 0
00000000000000000000000000000000000000000000000000000000000000000000000000000000000000000000000000000111000000000000000000000000
restored:
00000000000000000000000000000000000000000000000000000000000000000000000000000000000000000000000000000000000000000000000000000000

shifted:
00000000000000000000000000000000000000000000000000000000000000000000000000000000000000000000000000000000000000000000000000000000
00000000000000000000000000000000000000000000000000000000000000000000000000000000000000000000000000001110000000000000000000000000
substracted:
11111111111111111111111111111111111111111111111111111111111111111111111111111111111111111111111111111111111111111111111111111101
set Q0 = 0
00000000000000000000000000000000000000000000000000000000000000000000000000000000000000000000000000001110000000000000000000000000
restored:
00000000000000000000000000000000000000000000000000000000000000000000000000000000000000000000000000000000000000000000000000000000

shifted:
00000000000000000000000000000000000000000000000000000000000000000000000000000000000000000000000000000000000000000000000000000000
00000000000000000000000000000000000000000000000000000000000000000000000000000000000000000000000000011100000000000000000000000000
substracted:
11111111111111111111111111111111111111111111111111111111111111111111111111111111111111111111111111111111111111111111111111111101
set Q0 = 0
00000000000000000000000000000000000000000000000000000000000000000000000000000000000000000000000000011100000000000000000000000000
restored:
00000000000000000000000000000000000000000000000000000000000000000000000000000000000000000000000000000000000000000000000000000000

shifted:
00000000000000000000000000000000000000000000000000000000000000000000000000000000000000000000000000000000000000000000000000000000
00000000000000000000000000000000000000000000000000000000000000000000000000000000000000000000000000111000000000000000000000000000
substracted:
11111111111111111111111111111111111111111111111111111111111111111111111111111111111111111111111111111111111111111111111111111101
set Q0 = 0
00000000000000000000000000000000000000000000000000000000000000000000000000000000000000000000000000111000000000000000000000000000
restored:
00000000000000000000000000000000000000000000000000000000000000000000000000000000000000000000000000000000000000000000000000000000

shifted:
00000000000000000000000000000000000000000000000000000000000000000000000000000000000000000000000000000000000000000000000000000000
00000000000000000000000000000000000000000000000000000000000000000000000000000000000000000000000001110000000000000000000000000000
substracted:
11111111111111111111111111111111111111111111111111111111111111111111111111111111111111111111111111111111111111111111111111111101
set Q0 = 0
00000000000000000000000000000000000000000000000000000000000000000000000000000000000000000000000001110000000000000000000000000000
restored:
00000000000000000000000000000000000000000000000000000000000000000000000000000000000000000000000000000000000000000000000000000000

shifted:
00000000000000000000000000000000000000000000000000000000000000000000000000000000000000000000000000000000000000000000000000000000
00000000000000000000000000000000000000000000000000000000000000000000000000000000000000000000000011100000000000000000000000000000
substracted:
11111111111111111111111111111111111111111111111111111111111111111111111111111111111111111111111111111111111111111111111111111101
set Q0 = 0
00000000000000000000000000000000000000000000000000000000000000000000000000000000000000000000000011100000000000000000000000000000
restored:
00000000000000000000000000000000000000000000000000000000000000000000000000000000000000000000000000000000000000000000000000000000

shifted:
00000000000000000000000000000000000000000000000000000000000000000000000000000000000000000000000000000000000000000000000000000000
00000000000000000000000000000000000000000000000000000000000000000000000000000000000000000000000111000000000000000000000000000000
substracted:
11111111111111111111111111111111111111111111111111111111111111111111111111111111111111111111111111111111111111111111111111111101
set Q0 = 0
00000000000000000000000000000000000000000000000000000000000000000000000000000000000000000000000111000000000000000000000000000000
restored:
00000000000000000000000000000000000000000000000000000000000000000000000000000000000000000000000000000000000000000000000000000000

shifted:
00000000000000000000000000000000000000000000000000000000000000000000000000000000000000000000000000000000000000000000000000000000
00000000000000000000000000000000000000000000000000000000000000000000000000000000000000000000001110000000000000000000000000000000
substracted:
11111111111111111111111111111111111111111111111111111111111111111111111111111111111111111111111111111111111111111111111111111101
set Q0 = 0
00000000000000000000000000000000000000000000000000000000000000000000000000000000000000000000001110000000000000000000000000000000
restored:
00000000000000000000000000000000000000000000000000000000000000000000000000000000000000000000000000000000000000000000000000000000

shifted:
00000000000000000000000000000000000000000000000000000000000000000000000000000000000000000000000000000000000000000000000000000000
00000000000000000000000000000000000000000000000000000000000000000000000000000000000000000000011100000000000000000000000000000000
substracted:
11111111111111111111111111111111111111111111111111111111111111111111111111111111111111111111111111111111111111111111111111111101
set Q0 = 0
00000000000000000000000000000000000000000000000000000000000000000000000000000000000000000000011100000000000000000000000000000000
restored:
00000000000000000000000000000000000000000000000000000000000000000000000000000000000000000000000000000000000000000000000000000000

shifted:
00000000000000000000000000000000000000000000000000000000000000000000000000000000000000000000000000000000000000000000000000000000
00000000000000000000000000000000000000000000000000000000000000000000000000000000000000000000111000000000000000000000000000000000
substracted:
11111111111111111111111111111111111111111111111111111111111111111111111111111111111111111111111111111111111111111111111111111101
set Q0 = 0
00000000000000000000000000000000000000000000000000000000000000000000000000000000000000000000111000000000000000000000000000000000
restored:
00000000000000000000000000000000000000000000000000000000000000000000000000000000000000000000000000000000000000000000000000000000

shifted:
00000000000000000000000000000000000000000000000000000000000000000000000000000000000000000000000000000000000000000000000000000000
00000000000000000000000000000000000000000000000000000000000000000000000000000000000000000001110000000000000000000000000000000000
substracted:
11111111111111111111111111111111111111111111111111111111111111111111111111111111111111111111111111111111111111111111111111111101
set Q0 = 0
00000000000000000000000000000000000000000000000000000000000000000000000000000000000000000001110000000000000000000000000000000000
restored:
00000000000000000000000000000000000000000000000000000000000000000000000000000000000000000000000000000000000000000000000000000000

shifted:
00000000000000000000000000000000000000000000000000000000000000000000000000000000000000000000000000000000000000000000000000000000
00000000000000000000000000000000000000000000000000000000000000000000000000000000000000000011100000000000000000000000000000000000
substracted:
11111111111111111111111111111111111111111111111111111111111111111111111111111111111111111111111111111111111111111111111111111101
set Q0 = 0
00000000000000000000000000000000000000000000000000000000000000000000000000000000000000000011100000000000000000000000000000000000
restored:
00000000000000000000000000000000000000000000000000000000000000000000000000000000000000000000000000000000000000000000000000000000

shifted:
00000000000000000000000000000000000000000000000000000000000000000000000000000000000000000000000000000000000000000000000000000000
00000000000000000000000000000000000000000000000000000000000000000000000000000000000000000111000000000000000000000000000000000000
substracted:
11111111111111111111111111111111111111111111111111111111111111111111111111111111111111111111111111111111111111111111111111111101
set Q0 = 0
00000000000000000000000000000000000000000000000000000000000000000000000000000000000000000111000000000000000000000000000000000000
restored:
00000000000000000000000000000000000000000000000000000000000000000000000000000000000000000000000000000000000000000000000000000000

shifted:
00000000000000000000000000000000000000000000000000000000000000000000000000000000000000000000000000000000000000000000000000000000
00000000000000000000000000000000000000000000000000000000000000000000000000000000000000001110000000000000000000000000000000000000
substracted:
11111111111111111111111111111111111111111111111111111111111111111111111111111111111111111111111111111111111111111111111111111101
set Q0 = 0
00000000000000000000000000000000000000000000000000000000000000000000000000000000000000001110000000000000000000000000000000000000
restored:
00000000000000000000000000000000000000000000000000000000000000000000000000000000000000000000000000000000000000000000000000000000

shifted:
00000000000000000000000000000000000000000000000000000000000000000000000000000000000000000000000000000000000000000000000000000000
00000000000000000000000000000000000000000000000000000000000000000000000000000000000000011100000000000000000000000000000000000000
substracted:
11111111111111111111111111111111111111111111111111111111111111111111111111111111111111111111111111111111111111111111111111111101
set Q0 = 0
00000000000000000000000000000000000000000000000000000000000000000000000000000000000000011100000000000000000000000000000000000000
restored:
00000000000000000000000000000000000000000000000000000000000000000000000000000000000000000000000000000000000000000000000000000000

shifted:
00000000000000000000000000000000000000000000000000000000000000000000000000000000000000000000000000000000000000000000000000000000
00000000000000000000000000000000000000000000000000000000000000000000000000000000000000111000000000000000000000000000000000000000
substracted:
11111111111111111111111111111111111111111111111111111111111111111111111111111111111111111111111111111111111111111111111111111101
set Q0 = 0
00000000000000000000000000000000000000000000000000000000000000000000000000000000000000111000000000000000000000000000000000000000
restored:
00000000000000000000000000000000000000000000000000000000000000000000000000000000000000000000000000000000000000000000000000000000

shifted:
00000000000000000000000000000000000000000000000000000000000000000000000000000000000000000000000000000000000000000000000000000000
00000000000000000000000000000000000000000000000000000000000000000000000000000000000001110000000000000000000000000000000000000000
substracted:
11111111111111111111111111111111111111111111111111111111111111111111111111111111111111111111111111111111111111111111111111111101
set Q0 = 0
00000000000000000000000000000000000000000000000000000000000000000000000000000000000001110000000000000000000000000000000000000000
restored:
00000000000000000000000000000000000000000000000000000000000000000000000000000000000000000000000000000000000000000000000000000000

shifted:
00000000000000000000000000000000000000000000000000000000000000000000000000000000000000000000000000000000000000000000000000000000
00000000000000000000000000000000000000000000000000000000000000000000000000000000000011100000000000000000000000000000000000000000
substracted:
11111111111111111111111111111111111111111111111111111111111111111111111111111111111111111111111111111111111111111111111111111101
set Q0 = 0
00000000000000000000000000000000000000000000000000000000000000000000000000000000000011100000000000000000000000000000000000000000
restored:
00000000000000000000000000000000000000000000000000000000000000000000000000000000000000000000000000000000000000000000000000000000

shifted:
00000000000000000000000000000000000000000000000000000000000000000000000000000000000000000000000000000000000000000000000000000000
00000000000000000000000000000000000000000000000000000000000000000000000000000000000111000000000000000000000000000000000000000000
substracted:
11111111111111111111111111111111111111111111111111111111111111111111111111111111111111111111111111111111111111111111111111111101
set Q0 = 0
00000000000000000000000000000000000000000000000000000000000000000000000000000000000111000000000000000000000000000000000000000000
restored:
00000000000000000000000000000000000000000000000000000000000000000000000000000000000000000000000000000000000000000000000000000000

shifted:
00000000000000000000000000000000000000000000000000000000000000000000000000000000000000000000000000000000000000000000000000000000
00000000000000000000000000000000000000000000000000000000000000000000000000000000001110000000000000000000000000000000000000000000
substracted:
11111111111111111111111111111111111111111111111111111111111111111111111111111111111111111111111111111111111111111111111111111101
set Q0 = 0
00000000000000000000000000000000000000000000000000000000000000000000000000000000001110000000000000000000000000000000000000000000
restored:
00000000000000000000000000000000000000000000000000000000000000000000000000000000000000000000000000000000000000000000000000000000

shifted:
00000000000000000000000000000000000000000000000000000000000000000000000000000000000000000000000000000000000000000000000000000000
00000000000000000000000000000000000000000000000000000000000000000000000000000000011100000000000000000000000000000000000000000000
substracted:
11111111111111111111111111111111111111111111111111111111111111111111111111111111111111111111111111111111111111111111111111111101
set Q0 = 0
00000000000000000000000000000000000000000000000000000000000000000000000000000000011100000000000000000000000000000000000000000000
restored:
00000000000000000000000000000000000000000000000000000000000000000000000000000000000000000000000000000000000000000000000000000000

shifted:
00000000000000000000000000000000000000000000000000000000000000000000000000000000000000000000000000000000000000000000000000000000
00000000000000000000000000000000000000000000000000000000000000000000000000000000111000000000000000000000000000000000000000000000
substracted:
11111111111111111111111111111111111111111111111111111111111111111111111111111111111111111111111111111111111111111111111111111101
set Q0 = 0
00000000000000000000000000000000000000000000000000000000000000000000000000000000111000000000000000000000000000000000000000000000
restored:
00000000000000000000000000000000000000000000000000000000000000000000000000000000000000000000000000000000000000000000000000000000

shifted:
00000000000000000000000000000000000000000000000000000000000000000000000000000000000000000000000000000000000000000000000000000000
00000000000000000000000000000000000000000000000000000000000000000000000000000001110000000000000000000000000000000000000000000000
substracted:
11111111111111111111111111111111111111111111111111111111111111111111111111111111111111111111111111111111111111111111111111111101
set Q0 = 0
00000000000000000000000000000000000000000000000000000000000000000000000000000001110000000000000000000000000000000000000000000000
restored:
00000000000000000000000000000000000000000000000000000000000000000000000000000000000000000000000000000000000000000000000000000000

shifted:
00000000000000000000000000000000000000000000000000000000000000000000000000000000000000000000000000000000000000000000000000000000
00000000000000000000000000000000000000000000000000000000000000000000000000000011100000000000000000000000000000000000000000000000
substracted:
11111111111111111111111111111111111111111111111111111111111111111111111111111111111111111111111111111111111111111111111111111101
set Q0 = 0
00000000000000000000000000000000000000000000000000000000000000000000000000000011100000000000000000000000000000000000000000000000
restored:
00000000000000000000000000000000000000000000000000000000000000000000000000000000000000000000000000000000000000000000000000000000

shifted:
00000000000000000000000000000000000000000000000000000000000000000000000000000000000000000000000000000000000000000000000000000000
00000000000000000000000000000000000000000000000000000000000000000000000000000111000000000000000000000000000000000000000000000000
substracted:
11111111111111111111111111111111111111111111111111111111111111111111111111111111111111111111111111111111111111111111111111111101
set Q0 = 0
00000000000000000000000000000000000000000000000000000000000000000000000000000111000000000000000000000000000000000000000000000000
restored:
00000000000000000000000000000000000000000000000000000000000000000000000000000000000000000000000000000000000000000000000000000000

shifted:
00000000000000000000000000000000000000000000000000000000000000000000000000000000000000000000000000000000000000000000000000000000
00000000000000000000000000000000000000000000000000000000000000000000000000001110000000000000000000000000000000000000000000000000
substracted:
11111111111111111111111111111111111111111111111111111111111111111111111111111111111111111111111111111111111111111111111111111101
set Q0 = 0
00000000000000000000000000000000000000000000000000000000000000000000000000001110000000000000000000000000000000000000000000000000
restored:
00000000000000000000000000000000000000000000000000000000000000000000000000000000000000000000000000000000000000000000000000000000

shifted:
00000000000000000000000000000000000000000000000000000000000000000000000000000000000000000000000000000000000000000000000000000000
00000000000000000000000000000000000000000000000000000000000000000000000000011100000000000000000000000000000000000000000000000000
substracted:
11111111111111111111111111111111111111111111111111111111111111111111111111111111111111111111111111111111111111111111111111111101
set Q0 = 0
00000000000000000000000000000000000000000000000000000000000000000000000000011100000000000000000000000000000000000000000000000000
restored:
00000000000000000000000000000000000000000000000000000000000000000000000000000000000000000000000000000000000000000000000000000000

shifted:
00000000000000000000000000000000000000000000000000000000000000000000000000000000000000000000000000000000000000000000000000000000
00000000000000000000000000000000000000000000000000000000000000000000000000111000000000000000000000000000000000000000000000000000
substracted:
11111111111111111111111111111111111111111111111111111111111111111111111111111111111111111111111111111111111111111111111111111101
set Q0 = 0
00000000000000000000000000000000000000000000000000000000000000000000000000111000000000000000000000000000000000000000000000000000
restored:
00000000000000000000000000000000000000000000000000000000000000000000000000000000000000000000000000000000000000000000000000000000

shifted:
00000000000000000000000000000000000000000000000000000000000000000000000000000000000000000000000000000000000000000000000000000000
00000000000000000000000000000000000000000000000000000000000000000000000001110000000000000000000000000000000000000000000000000000
substracted:
11111111111111111111111111111111111111111111111111111111111111111111111111111111111111111111111111111111111111111111111111111101
set Q0 = 0
00000000000000000000000000000000000000000000000000000000000000000000000001110000000000000000000000000000000000000000000000000000
restored:
00000000000000000000000000000000000000000000000000000000000000000000000000000000000000000000000000000000000000000000000000000000

shifted:
00000000000000000000000000000000000000000000000000000000000000000000000000000000000000000000000000000000000000000000000000000000
00000000000000000000000000000000000000000000000000000000000000000000000011100000000000000000000000000000000000000000000000000000
substracted:
11111111111111111111111111111111111111111111111111111111111111111111111111111111111111111111111111111111111111111111111111111101
set Q0 = 0
00000000000000000000000000000000000000000000000000000000000000000000000011100000000000000000000000000000000000000000000000000000
restored:
00000000000000000000000000000000000000000000000000000000000000000000000000000000000000000000000000000000000000000000000000000000

shifted:
00000000000000000000000000000000000000000000000000000000000000000000000000000000000000000000000000000000000000000000000000000000
00000000000000000000000000000000000000000000000000000000000000000000000111000000000000000000000000000000000000000000000000000000
substracted:
11111111111111111111111111111111111111111111111111111111111111111111111111111111111111111111111111111111111111111111111111111101
set Q0 = 0
00000000000000000000000000000000000000000000000000000000000000000000000111000000000000000000000000000000000000000000000000000000
restored:
00000000000000000000000000000000000000000000000000000000000000000000000000000000000000000000000000000000000000000000000000000000

shifted:
00000000000000000000000000000000000000000000000000000000000000000000000000000000000000000000000000000000000000000000000000000000
00000000000000000000000000000000000000000000000000000000000000000000001110000000000000000000000000000000000000000000000000000000
substracted:
11111111111111111111111111111111111111111111111111111111111111111111111111111111111111111111111111111111111111111111111111111101
set Q0 = 0
00000000000000000000000000000000000000000000000000000000000000000000001110000000000000000000000000000000000000000000000000000000
restored:
00000000000000000000000000000000000000000000000000000000000000000000000000000000000000000000000000000000000000000000000000000000

shifted:
00000000000000000000000000000000000000000000000000000000000000000000000000000000000000000000000000000000000000000000000000000000
00000000000000000000000000000000000000000000000000000000000000000000011100000000000000000000000000000000000000000000000000000000
substracted:
11111111111111111111111111111111111111111111111111111111111111111111111111111111111111111111111111111111111111111111111111111101
set Q0 = 0
00000000000000000000000000000000000000000000000000000000000000000000011100000000000000000000000000000000000000000000000000000000
restored:
00000000000000000000000000000000000000000000000000000000000000000000000000000000000000000000000000000000000000000000000000000000

shifted:
00000000000000000000000000000000000000000000000000000000000000000000000000000000000000000000000000000000000000000000000000000000
00000000000000000000000000000000000000000000000000000000000000000000111000000000000000000000000000000000000000000000000000000000
substracted:
11111111111111111111111111111111111111111111111111111111111111111111111111111111111111111111111111111111111111111111111111111101
set Q0 = 0
00000000000000000000000000000000000000000000000000000000000000000000111000000000000000000000000000000000000000000000000000000000
restored:
00000000000000000000000000000000000000000000000000000000000000000000000000000000000000000000000000000000000000000000000000000000

shifted:
00000000000000000000000000000000000000000000000000000000000000000000000000000000000000000000000000000000000000000000000000000000
00000000000000000000000000000000000000000000000000000000000000000001110000000000000000000000000000000000000000000000000000000000
substracted:
11111111111111111111111111111111111111111111111111111111111111111111111111111111111111111111111111111111111111111111111111111101
set Q0 = 0
00000000000000000000000000000000000000000000000000000000000000000001110000000000000000000000000000000000000000000000000000000000
restored:
00000000000000000000000000000000000000000000000000000000000000000000000000000000000000000000000000000000000000000000000000000000

shifted:
00000000000000000000000000000000000000000000000000000000000000000000000000000000000000000000000000000000000000000000000000000000
00000000000000000000000000000000000000000000000000000000000000000011100000000000000000000000000000000000000000000000000000000000
substracted:
11111111111111111111111111111111111111111111111111111111111111111111111111111111111111111111111111111111111111111111111111111101
set Q0 = 0
00000000000000000000000000000000000000000000000000000000000000000011100000000000000000000000000000000000000000000000000000000000
restored:
00000000000000000000000000000000000000000000000000000000000000000000000000000000000000000000000000000000000000000000000000000000

shifted:
00000000000000000000000000000000000000000000000000000000000000000000000000000000000000000000000000000000000000000000000000000000
00000000000000000000000000000000000000000000000000000000000000000111000000000000000000000000000000000000000000000000000000000000
substracted:
11111111111111111111111111111111111111111111111111111111111111111111111111111111111111111111111111111111111111111111111111111101
set Q0 = 0
00000000000000000000000000000000000000000000000000000000000000000111000000000000000000000000000000000000000000000000000000000000
restored:
00000000000000000000000000000000000000000000000000000000000000000000000000000000000000000000000000000000000000000000000000000000

shifted:
00000000000000000000000000000000000000000000000000000000000000000000000000000000000000000000000000000000000000000000000000000000
00000000000000000000000000000000000000000000000000000000000000001110000000000000000000000000000000000000000000000000000000000000
substracted:
11111111111111111111111111111111111111111111111111111111111111111111111111111111111111111111111111111111111111111111111111111101
set Q0 = 0
00000000000000000000000000000000000000000000000000000000000000001110000000000000000000000000000000000000000000000000000000000000
restored:
00000000000000000000000000000000000000000000000000000000000000000000000000000000000000000000000000000000000000000000000000000000

shifted:
00000000000000000000000000000000000000000000000000000000000000000000000000000000000000000000000000000000000000000000000000000000
00000000000000000000000000000000000000000000000000000000000000011100000000000000000000000000000000000000000000000000000000000000
substracted:
11111111111111111111111111111111111111111111111111111111111111111111111111111111111111111111111111111111111111111111111111111101
set Q0 = 0
00000000000000000000000000000000000000000000000000000000000000011100000000000000000000000000000000000000000000000000000000000000
restored:
00000000000000000000000000000000000000000000000000000000000000000000000000000000000000000000000000000000000000000000000000000000

shifted:
00000000000000000000000000000000000000000000000000000000000000000000000000000000000000000000000000000000000000000000000000000000
00000000000000000000000000000000000000000000000000000000000000111000000000000000000000000000000000000000000000000000000000000000
substracted:
11111111111111111111111111111111111111111111111111111111111111111111111111111111111111111111111111111111111111111111111111111101
set Q0 = 0
00000000000000000000000000000000000000000000000000000000000000111000000000000000000000000000000000000000000000000000000000000000
restored:
00000000000000000000000000000000000000000000000000000000000000000000000000000000000000000000000000000000000000000000000000000000

shifted:
00000000000000000000000000000000000000000000000000000000000000000000000000000000000000000000000000000000000000000000000000000000
00000000000000000000000000000000000000000000000000000000000001110000000000000000000000000000000000000000000000000000000000000000
substracted:
11111111111111111111111111111111111111111111111111111111111111111111111111111111111111111111111111111111111111111111111111111101
set Q0 = 0
00000000000000000000000000000000000000000000000000000000000001110000000000000000000000000000000000000000000000000000000000000000
restored:
00000000000000000000000000000000000000000000000000000000000000000000000000000000000000000000000000000000000000000000000000000000

shifted:
00000000000000000000000000000000000000000000000000000000000000000000000000000000000000000000000000000000000000000000000000000000
00000000000000000000000000000000000000000000000000000000000011100000000000000000000000000000000000000000000000000000000000000000
substracted:
11111111111111111111111111111111111111111111111111111111111111111111111111111111111111111111111111111111111111111111111111111101
set Q0 = 0
00000000000000000000000000000000000000000000000000000000000011100000000000000000000000000000000000000000000000000000000000000000
restored:
00000000000000000000000000000000000000000000000000000000000000000000000000000000000000000000000000000000000000000000000000000000

shifted:
00000000000000000000000000000000000000000000000000000000000000000000000000000000000000000000000000000000000000000000000000000000
00000000000000000000000000000000000000000000000000000000000111000000000000000000000000000000000000000000000000000000000000000000
substracted:
11111111111111111111111111111111111111111111111111111111111111111111111111111111111111111111111111111111111111111111111111111101
set Q0 = 0
00000000000000000000000000000000000000000000000000000000000111000000000000000000000000000000000000000000000000000000000000000000
restored:
00000000000000000000000000000000000000000000000000000000000000000000000000000000000000000000000000000000000000000000000000000000

shifted:
00000000000000000000000000000000000000000000000000000000000000000000000000000000000000000000000000000000000000000000000000000000
00000000000000000000000000000000000000000000000000000000001110000000000000000000000000000000000000000000000000000000000000000000
substracted:
11111111111111111111111111111111111111111111111111111111111111111111111111111111111111111111111111111111111111111111111111111101
set Q0 = 0
00000000000000000000000000000000000000000000000000000000001110000000000000000000000000000000000000000000000000000000000000000000
restored:
00000000000000000000000000000000000000000000000000000000000000000000000000000000000000000000000000000000000000000000000000000000

shifted:
00000000000000000000000000000000000000000000000000000000000000000000000000000000000000000000000000000000000000000000000000000000
00000000000000000000000000000000000000000000000000000000011100000000000000000000000000000000000000000000000000000000000000000000
substracted:
11111111111111111111111111111111111111111111111111111111111111111111111111111111111111111111111111111111111111111111111111111101
set Q0 = 0
00000000000000000000000000000000000000000000000000000000011100000000000000000000000000000000000000000000000000000000000000000000
restored:
00000000000000000000000000000000000000000000000000000000000000000000000000000000000000000000000000000000000000000000000000000000

shifted:
00000000000000000000000000000000000000000000000000000000000000000000000000000000000000000000000000000000000000000000000000000000
00000000000000000000000000000000000000000000000000000000111000000000000000000000000000000000000000000000000000000000000000000000
substracted:
11111111111111111111111111111111111111111111111111111111111111111111111111111111111111111111111111111111111111111111111111111101
set Q0 = 0
00000000000000000000000000000000000000000000000000000000111000000000000000000000000000000000000000000000000000000000000000000000
restored:
00000000000000000000000000000000000000000000000000000000000000000000000000000000000000000000000000000000000000000000000000000000

shifted:
00000000000000000000000000000000000000000000000000000000000000000000000000000000000000000000000000000000000000000000000000000000
00000000000000000000000000000000000000000000000000000001110000000000000000000000000000000000000000000000000000000000000000000000
substracted:
11111111111111111111111111111111111111111111111111111111111111111111111111111111111111111111111111111111111111111111111111111101
set Q0 = 0
00000000000000000000000000000000000000000000000000000001110000000000000000000000000000000000000000000000000000000000000000000000
restored:
00000000000000000000000000000000000000000000000000000000000000000000000000000000000000000000000000000000000000000000000000000000

shifted:
00000000000000000000000000000000000000000000000000000000000000000000000000000000000000000000000000000000000000000000000000000000
00000000000000000000000000000000000000000000000000000011100000000000000000000000000000000000000000000000000000000000000000000000
substracted:
11111111111111111111111111111111111111111111111111111111111111111111111111111111111111111111111111111111111111111111111111111101
set Q0 = 0
00000000000000000000000000000000000000000000000000000011100000000000000000000000000000000000000000000000000000000000000000000000
restored:
00000000000000000000000000000000000000000000000000000000000000000000000000000000000000000000000000000000000000000000000000000000

shifted:
00000000000000000000000000000000000000000000000000000000000000000000000000000000000000000000000000000000000000000000000000000000
00000000000000000000000000000000000000000000000000000111000000000000000000000000000000000000000000000000000000000000000000000000
substracted:
11111111111111111111111111111111111111111111111111111111111111111111111111111111111111111111111111111111111111111111111111111101
set Q0 = 0
00000000000000000000000000000000000000000000000000000111000000000000000000000000000000000000000000000000000000000000000000000000
restored:
00000000000000000000000000000000000000000000000000000000000000000000000000000000000000000000000000000000000000000000000000000000

shifted:
00000000000000000000000000000000000000000000000000000000000000000000000000000000000000000000000000000000000000000000000000000000
00000000000000000000000000000000000000000000000000001110000000000000000000000000000000000000000000000000000000000000000000000000
substracted:
11111111111111111111111111111111111111111111111111111111111111111111111111111111111111111111111111111111111111111111111111111101
set Q0 = 0
00000000000000000000000000000000000000000000000000001110000000000000000000000000000000000000000000000000000000000000000000000000
restored:
00000000000000000000000000000000000000000000000000000000000000000000000000000000000000000000000000000000000000000000000000000000

shifted:
00000000000000000000000000000000000000000000000000000000000000000000000000000000000000000000000000000000000000000000000000000000
00000000000000000000000000000000000000000000000000011100000000000000000000000000000000000000000000000000000000000000000000000000
substracted:
11111111111111111111111111111111111111111111111111111111111111111111111111111111111111111111111111111111111111111111111111111101
set Q0 = 0
00000000000000000000000000000000000000000000000000011100000000000000000000000000000000000000000000000000000000000000000000000000
restored:
00000000000000000000000000000000000000000000000000000000000000000000000000000000000000000000000000000000000000000000000000000000

shifted:
00000000000000000000000000000000000000000000000000000000000000000000000000000000000000000000000000000000000000000000000000000000
00000000000000000000000000000000000000000000000000111000000000000000000000000000000000000000000000000000000000000000000000000000
substracted:
11111111111111111111111111111111111111111111111111111111111111111111111111111111111111111111111111111111111111111111111111111101
set Q0 = 0
00000000000000000000000000000000000000000000000000111000000000000000000000000000000000000000000000000000000000000000000000000000
restored:
00000000000000000000000000000000000000000000000000000000000000000000000000000000000000000000000000000000000000000000000000000000

shifted:
00000000000000000000000000000000000000000000000000000000000000000000000000000000000000000000000000000000000000000000000000000000
00000000000000000000000000000000000000000000000001110000000000000000000000000000000000000000000000000000000000000000000000000000
substracted:
11111111111111111111111111111111111111111111111111111111111111111111111111111111111111111111111111111111111111111111111111111101
set Q0 = 0
00000000000000000000000000000000000000000000000001110000000000000000000000000000000000000000000000000000000000000000000000000000
restored:
00000000000000000000000000000000000000000000000000000000000000000000000000000000000000000000000000000000000000000000000000000000

shifted:
00000000000000000000000000000000000000000000000000000000000000000000000000000000000000000000000000000000000000000000000000000000
00000000000000000000000000000000000000000000000011100000000000000000000000000000000000000000000000000000000000000000000000000000
substracted:
11111111111111111111111111111111111111111111111111111111111111111111111111111111111111111111111111111111111111111111111111111101
set Q0 = 0
00000000000000000000000000000000000000000000000011100000000000000000000000000000000000000000000000000000000000000000000000000000
restored:
00000000000000000000000000000000000000000000000000000000000000000000000000000000000000000000000000000000000000000000000000000000

shifted:
00000000000000000000000000000000000000000000000000000000000000000000000000000000000000000000000000000000000000000000000000000000
00000000000000000000000000000000000000000000000111000000000000000000000000000000000000000000000000000000000000000000000000000000
substracted:
11111111111111111111111111111111111111111111111111111111111111111111111111111111111111111111111111111111111111111111111111111101
set Q0 = 0
00000000000000000000000000000000000000000000000111000000000000000000000000000000000000000000000000000000000000000000000000000000
restored:
00000000000000000000000000000000000000000000000000000000000000000000000000000000000000000000000000000000000000000000000000000000

shifted:
00000000000000000000000000000000000000000000000000000000000000000000000000000000000000000000000000000000000000000000000000000000
00000000000000000000000000000000000000000000001110000000000000000000000000000000000000000000000000000000000000000000000000000000
substracted:
11111111111111111111111111111111111111111111111111111111111111111111111111111111111111111111111111111111111111111111111111111101
set Q0 = 0
00000000000000000000000000000000000000000000001110000000000000000000000000000000000000000000000000000000000000000000000000000000
restored:
00000000000000000000000000000000000000000000000000000000000000000000000000000000000000000000000000000000000000000000000000000000

shifted:
00000000000000000000000000000000000000000000000000000000000000000000000000000000000000000000000000000000000000000000000000000000
00000000000000000000000000000000000000000000011100000000000000000000000000000000000000000000000000000000000000000000000000000000
substracted:
11111111111111111111111111111111111111111111111111111111111111111111111111111111111111111111111111111111111111111111111111111101
set Q0 = 0
00000000000000000000000000000000000000000000011100000000000000000000000000000000000000000000000000000000000000000000000000000000
restored:
00000000000000000000000000000000000000000000000000000000000000000000000000000000000000000000000000000000000000000000000000000000

shifted:
00000000000000000000000000000000000000000000000000000000000000000000000000000000000000000000000000000000000000000000000000000000
00000000000000000000000000000000000000000000111000000000000000000000000000000000000000000000000000000000000000000000000000000000
substracted:
11111111111111111111111111111111111111111111111111111111111111111111111111111111111111111111111111111111111111111111111111111101
set Q0 = 0
00000000000000000000000000000000000000000000111000000000000000000000000000000000000000000000000000000000000000000000000000000000
restored:
00000000000000000000000000000000000000000000000000000000000000000000000000000000000000000000000000000000000000000000000000000000

shifted:
00000000000000000000000000000000000000000000000000000000000000000000000000000000000000000000000000000000000000000000000000000000
00000000000000000000000000000000000000000001110000000000000000000000000000000000000000000000000000000000000000000000000000000000
substracted:
11111111111111111111111111111111111111111111111111111111111111111111111111111111111111111111111111111111111111111111111111111101
set Q0 = 0
00000000000000000000000000000000000000000001110000000000000000000000000000000000000000000000000000000000000000000000000000000000
restored:
00000000000000000000000000000000000000000000000000000000000000000000000000000000000000000000000000000000000000000000000000000000

shifted:
00000000000000000000000000000000000000000000000000000000000000000000000000000000000000000000000000000000000000000000000000000000
00000000000000000000000000000000000000000011100000000000000000000000000000000000000000000000000000000000000000000000000000000000
substracted:
11111111111111111111111111111111111111111111111111111111111111111111111111111111111111111111111111111111111111111111111111111101
set Q0 = 0
00000000000000000000000000000000000000000011100000000000000000000000000000000000000000000000000000000000000000000000000000000000
restored:
00000000000000000000000000000000000000000000000000000000000000000000000000000000000000000000000000000000000000000000000000000000

shifted:
00000000000000000000000000000000000000000000000000000000000000000000000000000000000000000000000000000000000000000000000000000000
00000000000000000000000000000000000000000111000000000000000000000000000000000000000000000000000000000000000000000000000000000000
substracted:
11111111111111111111111111111111111111111111111111111111111111111111111111111111111111111111111111111111111111111111111111111101
set Q0 = 0
00000000000000000000000000000000000000000111000000000000000000000000000000000000000000000000000000000000000000000000000000000000
restored:
00000000000000000000000000000000000000000000000000000000000000000000000000000000000000000000000000000000000000000000000000000000

shifted:
00000000000000000000000000000000000000000000000000000000000000000000000000000000000000000000000000000000000000000000000000000000
00000000000000000000000000000000000000001110000000000000000000000000000000000000000000000000000000000000000000000000000000000000
substracted:
11111111111111111111111111111111111111111111111111111111111111111111111111111111111111111111111111111111111111111111111111111101
set Q0 = 0
00000000000000000000000000000000000000001110000000000000000000000000000000000000000000000000000000000000000000000000000000000000
restored:
00000000000000000000000000000000000000000000000000000000000000000000000000000000000000000000000000000000000000000000000000000000

shifted:
00000000000000000000000000000000000000000000000000000000000000000000000000000000000000000000000000000000000000000000000000000000
00000000000000000000000000000000000000011100000000000000000000000000000000000000000000000000000000000000000000000000000000000000
substracted:
11111111111111111111111111111111111111111111111111111111111111111111111111111111111111111111111111111111111111111111111111111101
set Q0 = 0
00000000000000000000000000000000000000011100000000000000000000000000000000000000000000000000000000000000000000000000000000000000
restored:
00000000000000000000000000000000000000000000000000000000000000000000000000000000000000000000000000000000000000000000000000000000

shifted:
00000000000000000000000000000000000000000000000000000000000000000000000000000000000000000000000000000000000000000000000000000000
00000000000000000000000000000000000000111000000000000000000000000000000000000000000000000000000000000000000000000000000000000000
substracted:
11111111111111111111111111111111111111111111111111111111111111111111111111111111111111111111111111111111111111111111111111111101
set Q0 = 0
00000000000000000000000000000000000000111000000000000000000000000000000000000000000000000000000000000000000000000000000000000000
restored:
00000000000000000000000000000000000000000000000000000000000000000000000000000000000000000000000000000000000000000000000000000000

shifted:
00000000000000000000000000000000000000000000000000000000000000000000000000000000000000000000000000000000000000000000000000000000
00000000000000000000000000000000000001110000000000000000000000000000000000000000000000000000000000000000000000000000000000000000
substracted:
11111111111111111111111111111111111111111111111111111111111111111111111111111111111111111111111111111111111111111111111111111101
set Q0 = 0
00000000000000000000000000000000000001110000000000000000000000000000000000000000000000000000000000000000000000000000000000000000
restored:
00000000000000000000000000000000000000000000000000000000000000000000000000000000000000000000000000000000000000000000000000000000

shifted:
00000000000000000000000000000000000000000000000000000000000000000000000000000000000000000000000000000000000000000000000000000000
00000000000000000000000000000000000011100000000000000000000000000000000000000000000000000000000000000000000000000000000000000000
substracted:
11111111111111111111111111111111111111111111111111111111111111111111111111111111111111111111111111111111111111111111111111111101
set Q0 = 0
00000000000000000000000000000000000011100000000000000000000000000000000000000000000000000000000000000000000000000000000000000000
restored:
00000000000000000000000000000000000000000000000000000000000000000000000000000000000000000000000000000000000000000000000000000000

shifted:
00000000000000000000000000000000000000000000000000000000000000000000000000000000000000000000000000000000000000000000000000000000
00000000000000000000000000000000000111000000000000000000000000000000000000000000000000000000000000000000000000000000000000000000
substracted:
11111111111111111111111111111111111111111111111111111111111111111111111111111111111111111111111111111111111111111111111111111101
set Q0 = 0
00000000000000000000000000000000000111000000000000000000000000000000000000000000000000000000000000000000000000000000000000000000
restored:
00000000000000000000000000000000000000000000000000000000000000000000000000000000000000000000000000000000000000000000000000000000

shifted:
00000000000000000000000000000000000000000000000000000000000000000000000000000000000000000000000000000000000000000000000000000000
00000000000000000000000000000000001110000000000000000000000000000000000000000000000000000000000000000000000000000000000000000000
substracted:
11111111111111111111111111111111111111111111111111111111111111111111111111111111111111111111111111111111111111111111111111111101
set Q0 = 0
00000000000000000000000000000000001110000000000000000000000000000000000000000000000000000000000000000000000000000000000000000000
restored:
00000000000000000000000000000000000000000000000000000000000000000000000000000000000000000000000000000000000000000000000000000000

shifted:
00000000000000000000000000000000000000000000000000000000000000000000000000000000000000000000000000000000000000000000000000000000
00000000000000000000000000000000011100000000000000000000000000000000000000000000000000000000000000000000000000000000000000000000
substracted:
11111111111111111111111111111111111111111111111111111111111111111111111111111111111111111111111111111111111111111111111111111101
set Q0 = 0
00000000000000000000000000000000011100000000000000000000000000000000000000000000000000000000000000000000000000000000000000000000
restored:
00000000000000000000000000000000000000000000000000000000000000000000000000000000000000000000000000000000000000000000000000000000

shifted:
00000000000000000000000000000000000000000000000000000000000000000000000000000000000000000000000000000000000000000000000000000000
00000000000000000000000000000000111000000000000000000000000000000000000000000000000000000000000000000000000000000000000000000000
substracted:
11111111111111111111111111111111111111111111111111111111111111111111111111111111111111111111111111111111111111111111111111111101
set Q0 = 0
00000000000000000000000000000000111000000000000000000000000000000000000000000000000000000000000000000000000000000000000000000000
restored:
00000000000000000000000000000000000000000000000000000000000000000000000000000000000000000000000000000000000000000000000000000000

shifted:
00000000000000000000000000000000000000000000000000000000000000000000000000000000000000000000000000000000000000000000000000000000
00000000000000000000000000000001110000000000000000000000000000000000000000000000000000000000000000000000000000000000000000000000
substracted:
11111111111111111111111111111111111111111111111111111111111111111111111111111111111111111111111111111111111111111111111111111101
set Q0 = 0
00000000000000000000000000000001110000000000000000000000000000000000000000000000000000000000000000000000000000000000000000000000
restored:
00000000000000000000000000000000000000000000000000000000000000000000000000000000000000000000000000000000000000000000000000000000

shifted:
00000000000000000000000000000000000000000000000000000000000000000000000000000000000000000000000000000000000000000000000000000000
00000000000000000000000000000011100000000000000000000000000000000000000000000000000000000000000000000000000000000000000000000000
substracted:
11111111111111111111111111111111111111111111111111111111111111111111111111111111111111111111111111111111111111111111111111111101
set Q0 = 0
00000000000000000000000000000011100000000000000000000000000000000000000000000000000000000000000000000000000000000000000000000000
restored:
00000000000000000000000000000000000000000000000000000000000000000000000000000000000000000000000000000000000000000000000000000000

shifted:
00000000000000000000000000000000000000000000000000000000000000000000000000000000000000000000000000000000000000000000000000000000
00000000000000000000000000000111000000000000000000000000000000000000000000000000000000000000000000000000000000000000000000000000
substracted:
11111111111111111111111111111111111111111111111111111111111111111111111111111111111111111111111111111111111111111111111111111101
set Q0 = 0
00000000000000000000000000000111000000000000000000000000000000000000000000000000000000000000000000000000000000000000000000000000
restored:
00000000000000000000000000000000000000000000000000000000000000000000000000000000000000000000000000000000000000000000000000000000

shifted:
00000000000000000000000000000000000000000000000000000000000000000000000000000000000000000000000000000000000000000000000000000000
00000000000000000000000000001110000000000000000000000000000000000000000000000000000000000000000000000000000000000000000000000000
substracted:
11111111111111111111111111111111111111111111111111111111111111111111111111111111111111111111111111111111111111111111111111111101
set Q0 = 0
00000000000000000000000000001110000000000000000000000000000000000000000000000000000000000000000000000000000000000000000000000000
restored:
00000000000000000000000000000000000000000000000000000000000000000000000000000000000000000000000000000000000000000000000000000000

shifted:
00000000000000000000000000000000000000000000000000000000000000000000000000000000000000000000000000000000000000000000000000000000
00000000000000000000000000011100000000000000000000000000000000000000000000000000000000000000000000000000000000000000000000000000
substracted:
11111111111111111111111111111111111111111111111111111111111111111111111111111111111111111111111111111111111111111111111111111101
set Q0 = 0
00000000000000000000000000011100000000000000000000000000000000000000000000000000000000000000000000000000000000000000000000000000
restored:
00000000000000000000000000000000000000000000000000000000000000000000000000000000000000000000000000000000000000000000000000000000

shifted:
00000000000000000000000000000000000000000000000000000000000000000000000000000000000000000000000000000000000000000000000000000000
00000000000000000000000000111000000000000000000000000000000000000000000000000000000000000000000000000000000000000000000000000000
substracted:
11111111111111111111111111111111111111111111111111111111111111111111111111111111111111111111111111111111111111111111111111111101
set Q0 = 0
00000000000000000000000000111000000000000000000000000000000000000000000000000000000000000000000000000000000000000000000000000000
restored:
00000000000000000000000000000000000000000000000000000000000000000000000000000000000000000000000000000000000000000000000000000000

shifted:
00000000000000000000000000000000000000000000000000000000000000000000000000000000000000000000000000000000000000000000000000000000
00000000000000000000000001110000000000000000000000000000000000000000000000000000000000000000000000000000000000000000000000000000
substracted:
11111111111111111111111111111111111111111111111111111111111111111111111111111111111111111111111111111111111111111111111111111101
set Q0 = 0
00000000000000000000000001110000000000000000000000000000000000000000000000000000000000000000000000000000000000000000000000000000
restored:
00000000000000000000000000000000000000000000000000000000000000000000000000000000000000000000000000000000000000000000000000000000

shifted:
00000000000000000000000000000000000000000000000000000000000000000000000000000000000000000000000000000000000000000000000000000000
00000000000000000000000011100000000000000000000000000000000000000000000000000000000000000000000000000000000000000000000000000000
substracted:
11111111111111111111111111111111111111111111111111111111111111111111111111111111111111111111111111111111111111111111111111111101
set Q0 = 0
00000000000000000000000011100000000000000000000000000000000000000000000000000000000000000000000000000000000000000000000000000000
restored:
00000000000000000000000000000000000000000000000000000000000000000000000000000000000000000000000000000000000000000000000000000000

shifted:
00000000000000000000000000000000000000000000000000000000000000000000000000000000000000000000000000000000000000000000000000000000
00000000000000000000000111000000000000000000000000000000000000000000000000000000000000000000000000000000000000000000000000000000
substracted:
11111111111111111111111111111111111111111111111111111111111111111111111111111111111111111111111111111111111111111111111111111101
set Q0 = 0
00000000000000000000000111000000000000000000000000000000000000000000000000000000000000000000000000000000000000000000000000000000
restored:
00000000000000000000000000000000000000000000000000000000000000000000000000000000000000000000000000000000000000000000000000000000

shifted:
00000000000000000000000000000000000000000000000000000000000000000000000000000000000000000000000000000000000000000000000000000000
00000000000000000000001110000000000000000000000000000000000000000000000000000000000000000000000000000000000000000000000000000000
substracted:
11111111111111111111111111111111111111111111111111111111111111111111111111111111111111111111111111111111111111111111111111111101
set Q0 = 0
00000000000000000000001110000000000000000000000000000000000000000000000000000000000000000000000000000000000000000000000000000000
restored:
00000000000000000000000000000000000000000000000000000000000000000000000000000000000000000000000000000000000000000000000000000000

shifted:
00000000000000000000000000000000000000000000000000000000000000000000000000000000000000000000000000000000000000000000000000000000
00000000000000000000011100000000000000000000000000000000000000000000000000000000000000000000000000000000000000000000000000000000
substracted:
11111111111111111111111111111111111111111111111111111111111111111111111111111111111111111111111111111111111111111111111111111101
set Q0 = 0
00000000000000000000011100000000000000000000000000000000000000000000000000000000000000000000000000000000000000000000000000000000
restored:
00000000000000000000000000000000000000000000000000000000000000000000000000000000000000000000000000000000000000000000000000000000

shifted:
00000000000000000000000000000000000000000000000000000000000000000000000000000000000000000000000000000000000000000000000000000000
00000000000000000000111000000000000000000000000000000000000000000000000000000000000000000000000000000000000000000000000000000000
substracted:
11111111111111111111111111111111111111111111111111111111111111111111111111111111111111111111111111111111111111111111111111111101
set Q0 = 0
00000000000000000000111000000000000000000000000000000000000000000000000000000000000000000000000000000000000000000000000000000000
restored:
00000000000000000000000000000000000000000000000000000000000000000000000000000000000000000000000000000000000000000000000000000000

shifted:
00000000000000000000000000000000000000000000000000000000000000000000000000000000000000000000000000000000000000000000000000000000
00000000000000000001110000000000000000000000000000000000000000000000000000000000000000000000000000000000000000000000000000000000
substracted:
11111111111111111111111111111111111111111111111111111111111111111111111111111111111111111111111111111111111111111111111111111101
set Q0 = 0
00000000000000000001110000000000000000000000000000000000000000000000000000000000000000000000000000000000000000000000000000000000
restored:
00000000000000000000000000000000000000000000000000000000000000000000000000000000000000000000000000000000000000000000000000000000

shifted:
00000000000000000000000000000000000000000000000000000000000000000000000000000000000000000000000000000000000000000000000000000000
00000000000000000011100000000000000000000000000000000000000000000000000000000000000000000000000000000000000000000000000000000000
substracted:
11111111111111111111111111111111111111111111111111111111111111111111111111111111111111111111111111111111111111111111111111111101
set Q0 = 0
00000000000000000011100000000000000000000000000000000000000000000000000000000000000000000000000000000000000000000000000000000000
restored:
00000000000000000000000000000000000000000000000000000000000000000000000000000000000000000000000000000000000000000000000000000000

shifted:
00000000000000000000000000000000000000000000000000000000000000000000000000000000000000000000000000000000000000000000000000000000
00000000000000000111000000000000000000000000000000000000000000000000000000000000000000000000000000000000000000000000000000000000
substracted:
11111111111111111111111111111111111111111111111111111111111111111111111111111111111111111111111111111111111111111111111111111101
set Q0 = 0
00000000000000000111000000000000000000000000000000000000000000000000000000000000000000000000000000000000000000000000000000000000
restored:
00000000000000000000000000000000000000000000000000000000000000000000000000000000000000000000000000000000000000000000000000000000

shifted:
00000000000000000000000000000000000000000000000000000000000000000000000000000000000000000000000000000000000000000000000000000000
00000000000000001110000000000000000000000000000000000000000000000000000000000000000000000000000000000000000000000000000000000000
substracted:
11111111111111111111111111111111111111111111111111111111111111111111111111111111111111111111111111111111111111111111111111111101
set Q0 = 0
00000000000000001110000000000000000000000000000000000000000000000000000000000000000000000000000000000000000000000000000000000000
restored:
00000000000000000000000000000000000000000000000000000000000000000000000000000000000000000000000000000000000000000000000000000000

shifted:
00000000000000000000000000000000000000000000000000000000000000000000000000000000000000000000000000000000000000000000000000000000
00000000000000011100000000000000000000000000000000000000000000000000000000000000000000000000000000000000000000000000000000000000
substracted:
11111111111111111111111111111111111111111111111111111111111111111111111111111111111111111111111111111111111111111111111111111101
set Q0 = 0
00000000000000011100000000000000000000000000000000000000000000000000000000000000000000000000000000000000000000000000000000000000
restored:
00000000000000000000000000000000000000000000000000000000000000000000000000000000000000000000000000000000000000000000000000000000

shifted:
00000000000000000000000000000000000000000000000000000000000000000000000000000000000000000000000000000000000000000000000000000000
00000000000000111000000000000000000000000000000000000000000000000000000000000000000000000000000000000000000000000000000000000000
substracted:
11111111111111111111111111111111111111111111111111111111111111111111111111111111111111111111111111111111111111111111111111111101
set Q0 = 0
00000000000000111000000000000000000000000000000000000000000000000000000000000000000000000000000000000000000000000000000000000000
restored:
00000000000000000000000000000000000000000000000000000000000000000000000000000000000000000000000000000000000000000000000000000000

shifted:
00000000000000000000000000000000000000000000000000000000000000000000000000000000000000000000000000000000000000000000000000000000
00000000000001110000000000000000000000000000000000000000000000000000000000000000000000000000000000000000000000000000000000000000
substracted:
11111111111111111111111111111111111111111111111111111111111111111111111111111111111111111111111111111111111111111111111111111101
set Q0 = 0
00000000000001110000000000000000000000000000000000000000000000000000000000000000000000000000000000000000000000000000000000000000
restored:
00000000000000000000000000000000000000000000000000000000000000000000000000000000000000000000000000000000000000000000000000000000

shifted:
00000000000000000000000000000000000000000000000000000000000000000000000000000000000000000000000000000000000000000000000000000000
00000000000011100000000000000000000000000000000000000000000000000000000000000000000000000000000000000000000000000000000000000000
substracted:
11111111111111111111111111111111111111111111111111111111111111111111111111111111111111111111111111111111111111111111111111111101
set Q0 = 0
00000000000011100000000000000000000000000000000000000000000000000000000000000000000000000000000000000000000000000000000000000000
restored:
00000000000000000000000000000000000000000000000000000000000000000000000000000000000000000000000000000000000000000000000000000000

shifted:
00000000000000000000000000000000000000000000000000000000000000000000000000000000000000000000000000000000000000000000000000000000
00000000000111000000000000000000000000000000000000000000000000000000000000000000000000000000000000000000000000000000000000000000
substracted:
11111111111111111111111111111111111111111111111111111111111111111111111111111111111111111111111111111111111111111111111111111101
set Q0 = 0
00000000000111000000000000000000000000000000000000000000000000000000000000000000000000000000000000000000000000000000000000000000
restored:
00000000000000000000000000000000000000000000000000000000000000000000000000000000000000000000000000000000000000000000000000000000

shifted:
00000000000000000000000000000000000000000000000000000000000000000000000000000000000000000000000000000000000000000000000000000000
00000000001110000000000000000000000000000000000000000000000000000000000000000000000000000000000000000000000000000000000000000000
substracted:
11111111111111111111111111111111111111111111111111111111111111111111111111111111111111111111111111111111111111111111111111111101
set Q0 = 0
00000000001110000000000000000000000000000000000000000000000000000000000000000000000000000000000000000000000000000000000000000000
restored:
00000000000000000000000000000000000000000000000000000000000000000000000000000000000000000000000000000000000000000000000000000000

shifted:
00000000000000000000000000000000000000000000000000000000000000000000000000000000000000000000000000000000000000000000000000000000
00000000011100000000000000000000000000000000000000000000000000000000000000000000000000000000000000000000000000000000000000000000
substracted:
11111111111111111111111111111111111111111111111111111111111111111111111111111111111111111111111111111111111111111111111111111101
set Q0 = 0
00000000011100000000000000000000000000000000000000000000000000000000000000000000000000000000000000000000000000000000000000000000
restored:
00000000000000000000000000000000000000000000000000000000000000000000000000000000000000000000000000000000000000000000000000000000

shifted:
00000000000000000000000000000000000000000000000000000000000000000000000000000000000000000000000000000000000000000000000000000000
00000000111000000000000000000000000000000000000000000000000000000000000000000000000000000000000000000000000000000000000000000000
substracted:
11111111111111111111111111111111111111111111111111111111111111111111111111111111111111111111111111111111111111111111111111111101
set Q0 = 0
00000000111000000000000000000000000000000000000000000000000000000000000000000000000000000000000000000000000000000000000000000000
restored:
00000000000000000000000000000000000000000000000000000000000000000000000000000000000000000000000000000000000000000000000000000000

shifted:
00000000000000000000000000000000000000000000000000000000000000000000000000000000000000000000000000000000000000000000000000000000
00000001110000000000000000000000000000000000000000000000000000000000000000000000000000000000000000000000000000000000000000000000
substracted:
11111111111111111111111111111111111111111111111111111111111111111111111111111111111111111111111111111111111111111111111111111101
set Q0 = 0
00000001110000000000000000000000000000000000000000000000000000000000000000000000000000000000000000000000000000000000000000000000
restored:
00000000000000000000000000000000000000000000000000000000000000000000000000000000000000000000000000000000000000000000000000000000

shifted:
00000000000000000000000000000000000000000000000000000000000000000000000000000000000000000000000000000000000000000000000000000000
00000011100000000000000000000000000000000000000000000000000000000000000000000000000000000000000000000000000000000000000000000000
substracted:
11111111111111111111111111111111111111111111111111111111111111111111111111111111111111111111111111111111111111111111111111111101
set Q0 = 0
00000011100000000000000000000000000000000000000000000000000000000000000000000000000000000000000000000000000000000000000000000000
restored:
00000000000000000000000000000000000000000000000000000000000000000000000000000000000000000000000000000000000000000000000000000000

shifted:
00000000000000000000000000000000000000000000000000000000000000000000000000000000000000000000000000000000000000000000000000000000
00000111000000000000000000000000000000000000000000000000000000000000000000000000000000000000000000000000000000000000000000000000
substracted:
11111111111111111111111111111111111111111111111111111111111111111111111111111111111111111111111111111111111111111111111111111101
set Q0 = 0
00000111000000000000000000000000000000000000000000000000000000000000000000000000000000000000000000000000000000000000000000000000
restored:
00000000000000000000000000000000000000000000000000000000000000000000000000000000000000000000000000000000000000000000000000000000

shifted:
00000000000000000000000000000000000000000000000000000000000000000000000000000000000000000000000000000000000000000000000000000000
00001110000000000000000000000000000000000000000000000000000000000000000000000000000000000000000000000000000000000000000000000000
substracted:
11111111111111111111111111111111111111111111111111111111111111111111111111111111111111111111111111111111111111111111111111111101
set Q0 = 0
00001110000000000000000000000000000000000000000000000000000000000000000000000000000000000000000000000000000000000000000000000000
restored:
00000000000000000000000000000000000000000000000000000000000000000000000000000000000000000000000000000000000000000000000000000000

shifted:
00000000000000000000000000000000000000000000000000000000000000000000000000000000000000000000000000000000000000000000000000000000
00011100000000000000000000000000000000000000000000000000000000000000000000000000000000000000000000000000000000000000000000000000
substracted:
11111111111111111111111111111111111111111111111111111111111111111111111111111111111111111111111111111111111111111111111111111101
set Q0 = 0
00011100000000000000000000000000000000000000000000000000000000000000000000000000000000000000000000000000000000000000000000000000
restored:
00000000000000000000000000000000000000000000000000000000000000000000000000000000000000000000000000000000000000000000000000000000

shifted:
00000000000000000000000000000000000000000000000000000000000000000000000000000000000000000000000000000000000000000000000000000000
00111000000000000000000000000000000000000000000000000000000000000000000000000000000000000000000000000000000000000000000000000000
substracted:
11111111111111111111111111111111111111111111111111111111111111111111111111111111111111111111111111111111111111111111111111111101
set Q0 = 0
00111000000000000000000000000000000000000000000000000000000000000000000000000000000000000000000000000000000000000000000000000000
restored:
00000000000000000000000000000000000000000000000000000000000000000000000000000000000000000000000000000000000000000000000000000000

shifted:
00000000000000000000000000000000000000000000000000000000000000000000000000000000000000000000000000000000000000000000000000000000
01110000000000000000000000000000000000000000000000000000000000000000000000000000000000000000000000000000000000000000000000000000
substracted:
11111111111111111111111111111111111111111111111111111111111111111111111111111111111111111111111111111111111111111111111111111101
set Q0 = 0
01110000000000000000000000000000000000000000000000000000000000000000000000000000000000000000000000000000000000000000000000000000
restored:
00000000000000000000000000000000000000000000000000000000000000000000000000000000000000000000000000000000000000000000000000000000

shifted:
00000000000000000000000000000000000000000000000000000000000000000000000000000000000000000000000000000000000000000000000000000000
11100000000000000000000000000000000000000000000000000000000000000000000000000000000000000000000000000000000000000000000000000000
substracted:
11111111111111111111111111111111111111111111111111111111111111111111111111111111111111111111111111111111111111111111111111111101
set Q0 = 0
11100000000000000000000000000000000000000000000000000000000000000000000000000000000000000000000000000000000000000000000000000000
restored:
00000000000000000000000000000000000000000000000000000000000000000000000000000000000000000000000000000000000000000000000000000000

shifted:
00000000000000000000000000000000000000000000000000000000000000000000000000000000000000000000000000000000000000000000000000000001
11000000000000000000000000000000000000000000000000000000000000000000000000000000000000000000000000000000000000000000000000000000
substracted:
11111111111111111111111111111111111111111111111111111111111111111111111111111111111111111111111111111111111111111111111111111110
set Q0 = 0
11000000000000000000000000000000000000000000000000000000000000000000000000000000000000000000000000000000000000000000000000000000
restored:
00000000000000000000000000000000000000000000000000000000000000000000000000000000000000000000000000000000000000000000000000000001

shifted:
00000000000000000000000000000000000000000000000000000000000000000000000000000000000000000000000000000000000000000000000000000011
10000000000000000000000000000000000000000000000000000000000000000000000000000000000000000000000000000000000000000000000000000000
substracted:
00000000000000000000000000000000000000000000000000000000000000000000000000000000000000000000000000000000000000000000000000000000
set Q0 = 1
10000000000000000000000000000000000000000000000000000000000000000000000000000000000000000000000000000000000000000000000000000001

shifted:
00000000000000000000000000000000000000000000000000000000000000000000000000000000000000000000000000000000000000000000000000000001
00000000000000000000000000000000000000000000000000000000000000000000000000000000000000000000000000000000000000000000000000000010
substracted:
11111111111111111111111111111111111111111111111111111111111111111111111111111111111111111111111111111111111111111111111111111110
set Q0 = 0
00000000000000000000000000000000000000000000000000000000000000000000000000000000000000000000000000000000000000000000000000000010
restored:
00000000000000000000000000000000000000000000000000000000000000000000000000000000000000000000000000000000000000000000000000000001

